[debug] [2023-08-11T15:08:53.364Z] ----------------------------------------------------------------------
[debug] [2023-08-11T15:08:53.366Z] Command:       C:\Program Files\nodejs\node.exe C:\Users\LAPCOMstore\AppData\Roaming\npm\node_modules\firebase-tools\lib\bin\firebase.js emulators:start --debug
[debug] [2023-08-11T15:08:53.367Z] CLI Version:   12.4.5
[debug] [2023-08-11T15:08:53.367Z] Platform:      win32
[debug] [2023-08-11T15:08:53.368Z] Node Version:  v18.16.0
[debug] [2023-08-11T15:08:53.369Z] Time:          Fri Aug 11 2023 17:08:53 GMT+0200 (Eastern European Standard Time)
[debug] [2023-08-11T15:08:53.369Z] ----------------------------------------------------------------------
[debug] 
[debug] [2023-08-11T15:08:53.545Z] > command requires scopes: ["email","openid","https://www.googleapis.com/auth/cloudplatformprojects.readonly","https://www.googleapis.com/auth/firebase","https://www.googleapis.com/auth/cloud-platform"]
[debug] [2023-08-11T15:08:53.547Z] > authorizing via signed-in user (ahmostafa054@gmail.com)
[info] i  emulators: Starting emulators: functions, hosting {"metadata":{"emulator":{"name":"hub"},"message":"Starting emulators: functions, hosting"}}
[debug] [2023-08-11T15:08:53.590Z] [logging] Logging Emulator only supports listening on one address (127.0.0.1). Not listening on ::1
[debug] [2023-08-11T15:08:53.591Z] [hosting] Hosting Emulator only supports listening on one address (127.0.0.1). Not listening on ::1
[warn] !  ui: Emulator UI unable to start on port 4000, starting on 4001 instead. {"metadata":{"emulator":{"name":"ui"},"message":"Emulator UI unable to start on port 4000, starting on 4001 instead."}}
[debug] [2023-08-11T15:08:53.597Z] assigned listening specs for emulators {"user":{"hub":[{"address":"127.0.0.1","family":"IPv4","port":4400},{"address":"::1","family":"IPv6","port":4400}],"logging":[{"address":"127.0.0.1","family":"IPv4","port":4500}],"hosting":[{"address":"127.0.0.1","family":"IPv4","port":5000}],"ui":[{"address":"127.0.0.1","family":"IPv4","port":4001},{"address":"::1","family":"IPv6","port":4001}]},"metadata":{"message":"assigned listening specs for emulators"}}
[debug] [2023-08-11T15:08:53.623Z] [hub] writing locator at C:\Users\LAPCOM~1\AppData\Local\Temp\hub-clone-88110.json
[debug] [2023-08-11T15:08:53.671Z] [functions] Functions Emulator only supports listening on one address (127.0.0.1). Not listening on ::1
[debug] [2023-08-11T15:08:53.671Z] [eventarc] Eventarc Emulator only supports listening on one address (127.0.0.1). Not listening on ::1
[debug] [2023-08-11T15:08:53.672Z] late-assigned ports for functions and eventarc emulators {"user":{"hub":[{"address":"127.0.0.1","family":"IPv4","port":4400},{"address":"::1","family":"IPv6","port":4400}],"logging":[{"address":"127.0.0.1","family":"IPv4","port":4500}],"hosting":[{"address":"127.0.0.1","family":"IPv4","port":5000}],"ui":[{"address":"127.0.0.1","family":"IPv4","port":4001},{"address":"::1","family":"IPv6","port":4001}],"functions":[{"address":"127.0.0.1","family":"IPv4","port":5001}],"eventarc":[{"address":"127.0.0.1","family":"IPv4","port":9299}]},"metadata":{"message":"late-assigned ports for functions and eventarc emulators"}}
[warn] !  functions: The following emulators are not running, calls to these services from the Functions emulator will affect production: auth, firestore, database, pubsub, storage {"metadata":{"emulator":{"name":"functions"},"message":"The following emulators are not running, calls to these services from the Functions emulator will affect production: \u001b[1mauth, firestore, database, pubsub, storage\u001b[22m"}}
[debug] [2023-08-11T15:08:53.684Z] defaultcredentials: writing to file C:\Users\LAPCOMstore\AppData\Roaming\firebase\ahmostafa054_gmail_com_application_default_credentials.json
[debug] [2023-08-11T15:08:53.688Z] Setting GAC to C:\Users\LAPCOMstore\AppData\Roaming\firebase\ahmostafa054_gmail_com_application_default_credentials.json {"metadata":{"emulator":{"name":"functions"},"message":"Setting GAC to C:\\Users\\LAPCOMstore\\AppData\\Roaming\\firebase\\ahmostafa054_gmail_com_application_default_credentials.json"}}
[debug] [2023-08-11T15:08:53.694Z] >>> [apiv2][query] GET https://firebase.googleapis.com/v1beta1/projects/clone-88110/adminSdkConfig [none]
[debug] [2023-08-11T15:08:54.316Z] <<< [apiv2][status] GET https://firebase.googleapis.com/v1beta1/projects/clone-88110/adminSdkConfig 200
[debug] [2023-08-11T15:08:54.317Z] <<< [apiv2][body] GET https://firebase.googleapis.com/v1beta1/projects/clone-88110/adminSdkConfig {"projectId":"clone-88110","storageBucket":"clone-88110.appspot.com"}
[debug] [2023-08-11T15:08:54.345Z] >>> [apiv2][query] GET https://firebasehosting.googleapis.com/v1beta1/projects/clone-88110/sites 
[debug] [2023-08-11T15:08:55.935Z] <<< [apiv2][status] GET https://firebasehosting.googleapis.com/v1beta1/projects/clone-88110/sites 200
[debug] [2023-08-11T15:08:55.936Z] <<< [apiv2][body] GET https://firebasehosting.googleapis.com/v1beta1/projects/clone-88110/sites {"sites":[{"name":"projects/clone-88110/sites/clone-88110","defaultUrl":"https://clone-88110.web.app","appId":"1:379460238734:web:540a041bf9067cfad3f8df","type":"DEFAULT_SITE"}]}
[debug] [2023-08-11T15:08:55.939Z] >>> [apiv2][query] GET https://firebase.googleapis.com/v1beta1/projects/clone-88110/webApps/1:379460238734:web:540a041bf9067cfad3f8df/config [none]
[debug] [2023-08-11T15:08:57.180Z] <<< [apiv2][status] GET https://firebase.googleapis.com/v1beta1/projects/clone-88110/webApps/1:379460238734:web:540a041bf9067cfad3f8df/config 200
[debug] [2023-08-11T15:08:57.182Z] <<< [apiv2][body] GET https://firebase.googleapis.com/v1beta1/projects/clone-88110/webApps/1:379460238734:web:540a041bf9067cfad3f8df/config {"projectId":"clone-88110","appId":"1:379460238734:web:540a041bf9067cfad3f8df","storageBucket":"clone-88110.appspot.com","apiKey":"AIzaSyDHORltlGQsqFUaeQ7-x7ZSVoFGBi_gVmE","authDomain":"clone-88110.firebaseapp.com","messagingSenderId":"379460238734","measurementId":"G-5PPN5469KP"}
[debug] [2023-08-11T15:08:57.199Z] >>> [apiv2][query] GET https://firebase.googleapis.com/v1beta1/projects/clone-88110 [none]
[debug] [2023-08-11T15:08:58.010Z] <<< [apiv2][status] GET https://firebase.googleapis.com/v1beta1/projects/clone-88110 200
[debug] [2023-08-11T15:08:58.013Z] <<< [apiv2][body] GET https://firebase.googleapis.com/v1beta1/projects/clone-88110 {"projectId":"clone-88110","projectNumber":"379460238734","displayName":"amazon-clone","name":"projects/clone-88110","resources":{"hostingSite":"clone-88110"},"state":"ACTIVE","etag":"1_c1cb27c3-a8e9-48e6-9dbc-44a211db43ab"}
[info] i  hosting[clone-88110]: Serving hosting files from: build {"metadata":{"emulator":{"name":"hosting"},"message":"Serving hosting files from: \u001b[1mbuild\u001b[22m"}}
[info] +  hosting[clone-88110]: Local server: http://127.0.0.1:5000 {"metadata":{"emulator":{"name":"hosting"},"message":"Local server: \u001b[4m\u001b[1mhttp://127.0.0.1:5000\u001b[22m\u001b[24m"}}
[debug] [2023-08-11T15:08:58.089Z] Ignoring unsupported arg: auto_download {"metadata":{"emulator":{"name":"ui"},"message":"Ignoring unsupported arg: auto_download"}}
[debug] [2023-08-11T15:08:58.090Z] Ignoring unsupported arg: port {"metadata":{"emulator":{"name":"ui"},"message":"Ignoring unsupported arg: port"}}
[debug] [2023-08-11T15:08:58.091Z] Starting Emulator UI with command {"binary":"node","args":["C:\\Users\\LAPCOMstore\\.cache\\firebase\\emulators\\ui-v1.11.7\\server\\server.js"],"optionalArgs":[],"joinArgs":false} {"metadata":{"emulator":{"name":"ui"},"message":"Starting Emulator UI with command {\"binary\":\"node\",\"args\":[\"C:\\\\Users\\\\LAPCOMstore\\\\.cache\\\\firebase\\\\emulators\\\\ui-v1.11.7\\\\server\\\\server.js\"],\"optionalArgs\":[],\"joinArgs\":false}"}}
[info] i  ui: Emulator UI logging to ui-debug.log {"metadata":{"emulator":{"name":"ui"},"message":"Emulator UI logging to \u001b[1mui-debug.log\u001b[22m"}}
[debug] [2023-08-11T15:08:58.302Z] Web / API server started at 127.0.0.1:4001
 {"metadata":{"emulator":{"name":"ui"},"message":"Web / API server started at 127.0.0.1:4001\n"}}
[debug] [2023-08-11T15:08:58.303Z] Web / API server started at ::1:4001
 {"metadata":{"emulator":{"name":"ui"},"message":"Web / API server started at ::1:4001\n"}}
[info] i  functions: Watching "G:\AhmEd MoStafa\programming\Training Projects\Amazon Clone\Amazon-Clone\amazon-clone\functions" for Cloud Functions... {"metadata":{"emulator":{"name":"functions"},"message":"Watching \"G:\\AhmEd MoStafa\\programming\\Training Projects\\Amazon Clone\\Amazon-Clone\\amazon-clone\\functions\" for Cloud Functions..."}}
[debug] [2023-08-11T15:08:58.420Z] Validating nodejs source
[debug] [2023-08-11T15:09:01.718Z] > [functions] package.json contents: {
  "name": "functions",
  "description": "Cloud Functions for Firebase",
  "scripts": {
    "lint": "eslint .",
    "serve": "firebase emulators:start --only functions",
    "shell": "firebase functions:shell",
    "start": "npm run shell",
    "deploy": "firebase deploy --only functions",
    "logs": "firebase functions:log"
  },
  "engines": {
    "node": "18"
  },
  "main": "index.js",
  "dependencies": {
    "cors": "^2.8.5",
    "express": "^4.18.2",
    "firebase-admin": "^11.8.0",
    "firebase-functions": "^4.3.1",
    "stripe": "^12.17.0"
  },
  "devDependencies": {
    "eslint": "^8.15.0",
    "eslint-config-google": "^0.14.0",
    "firebase-functions-test": "^3.1.0"
  },
  "private": true
}
[debug] [2023-08-11T15:09:01.724Z] Building nodejs source
[debug] [2023-08-11T15:09:01.725Z] Failed to find version of module node: reached end of search path G:\AhmEd MoStafa\programming\Training Projects\Amazon Clone\Amazon-Clone\amazon-clone\functions\node_modules
[info] +  functions: Using node@18 from host. 
[info] i  functions: Loaded environment variables from .env. 
[debug] [2023-08-11T15:09:01.732Z] Could not find functions.yaml. Must use http discovery
[debug] [2023-08-11T15:09:01.752Z] Found firebase-functions binary at 'G:\AhmEd MoStafa\programming\Training Projects\Amazon Clone\Amazon-Clone\amazon-clone\functions\node_modules\.bin\firebase-functions'
[info] Serving at port 8412

[debug] [2023-08-11T15:09:06.793Z] Got response from /__/functions.yaml {"endpoints":{"api":{"platform":"gcfv1","availableMemoryMb":null,"timeoutSeconds":null,"minInstances":null,"maxInstances":null,"ingressSettings":null,"serviceAccountEmail":null,"vpc":null,"httpsTrigger":{},"entryPoint":"api"}},"specVersion":"v1alpha1","requiredAPIs":[]}
[info] shutdown requested via /__/quitquitquit

[info] +  functions: Loaded functions definitions from source: api. {"metadata":{"emulator":{"name":"functions"},"message":"Loaded functions definitions from source: api."}}
[info] +  functions[us-central1-api]: http function initialized (http://127.0.0.1:5001/clone-88110/us-central1/api). {"metadata":{"emulator":{"name":"functions"},"message":"\u001b[1mhttp\u001b[22m function initialized (http://127.0.0.1:5001/clone-88110/us-central1/api)."}}
[info] 
┌─────────────────────────────────────────────────────────────┐
│ ✔  All emulators ready! It is now safe to connect your app. │
│ i  View Emulator UI at http://127.0.0.1:4001/               │
└─────────────────────────────────────────────────────────────┘

┌───────────┬────────────────┬─────────────────────────────────┐
│ Emulator  │ Host:Port      │ View in Emulator UI             │
├───────────┼────────────────┼─────────────────────────────────┤
│ Functions │ 127.0.0.1:5001 │ http://127.0.0.1:4001/functions │
├───────────┼────────────────┼─────────────────────────────────┤
│ Hosting   │ 127.0.0.1:5000 │ n/a                             │
└───────────┴────────────────┴─────────────────────────────────┘
  Emulator Hub running at 127.0.0.1:4400
  Other reserved ports: 4500

Issues? Report them at https://github.com/firebase/firebase-tools/issues and attach the *-debug.log files.
 
[debug] [2023-08-11T15:09:46.440Z] [work-queue] {"queuedWork":["/clone-88110/us-central1/api/payments/create-2023-08-11T15:09:46.440Z"],"queueLength":1,"runningWork":[],"workRunningCount":0}
[debug] [2023-08-11T15:09:46.442Z] [work-queue] {"queuedWork":[],"queueLength":0,"runningWork":["/clone-88110/us-central1/api/payments/create-2023-08-11T15:09:46.440Z"],"workRunningCount":1}
[debug] [2023-08-11T15:09:46.444Z] Accepted request POST /clone-88110/us-central1/api/payments/create?total=68295 --> us-central1-api
[debug] [2023-08-11T15:09:46.452Z] [functions] Runtime ready! Sending request! {"metadata":{"emulator":{"name":"functions"},"message":"[functions] Runtime ready! Sending request!"}}
[debug] [2023-08-11T15:09:46.455Z] [functions] Got req.url=/clone-88110/us-central1/api/payments/create?total=68295, mapping to path=/payments/create?total=68295 {"metadata":{"emulator":{"name":"functions"},"message":"[functions] Got req.url=/clone-88110/us-central1/api/payments/create?total=68295, mapping to path=/payments/create?total=68295"}}
[info] i  functions: Loaded environment variables from .env. 
[debug] [2023-08-11T15:09:46.510Z] [worker-pool] addWorker(us-central1-api) {"metadata":{"emulator":{"name":"functions"},"message":"[worker-pool] addWorker(us-central1-api)"}}
[debug] [2023-08-11T15:09:46.528Z] [worker-pool] Adding worker with key us-central1-api, total=1 {"metadata":{"emulator":{"name":"functions"},"message":"[worker-pool] Adding worker with key us-central1-api, total=1"}}
[debug] [2023-08-11T15:09:46.545Z] [work-queue] {"queuedWork":["/clone-88110/us-central1/api/payments/create-2023-08-11T15:09:46.544Z"],"queueLength":1,"runningWork":["/clone-88110/us-central1/api/payments/create-2023-08-11T15:09:46.440Z"],"workRunningCount":1}
[debug] [2023-08-11T15:09:46.564Z] [work-queue] {"queuedWork":[],"queueLength":0,"runningWork":["/clone-88110/us-central1/api/payments/create-2023-08-11T15:09:46.440Z","/clone-88110/us-central1/api/payments/create-2023-08-11T15:09:46.544Z"],"workRunningCount":2}
[debug] [2023-08-11T15:09:46.577Z] Accepted request POST /clone-88110/us-central1/api/payments/create?total=68295 --> us-central1-api
[debug] [2023-08-11T15:09:46.595Z] [functions] Runtime ready! Sending request! {"metadata":{"emulator":{"name":"functions"},"message":"[functions] Runtime ready! Sending request!"}}
[debug] [2023-08-11T15:09:46.602Z] [functions] Got req.url=/clone-88110/us-central1/api/payments/create?total=68295, mapping to path=/payments/create?total=68295 {"metadata":{"emulator":{"name":"functions"},"message":"[functions] Got req.url=/clone-88110/us-central1/api/payments/create?total=68295, mapping to path=/payments/create?total=68295"}}
[info] i  functions: Loaded environment variables from .env. 
[debug] [2023-08-11T15:09:46.635Z] [worker-pool] addWorker(us-central1-api) {"metadata":{"emulator":{"name":"functions"},"message":"[worker-pool] addWorker(us-central1-api)"}}
[debug] [2023-08-11T15:09:46.636Z] [worker-pool] Adding worker with key us-central1-api, total=2 {"metadata":{"emulator":{"name":"functions"},"message":"[worker-pool] Adding worker with key us-central1-api, total=2"}}
[debug] [2023-08-11T15:09:49.640Z] [runtime-status] [13528] Resolved module firebase-admin {"declared":true,"installed":true,"version":"11.10.1","resolution":"G:\\AhmEd MoStafa\\programming\\Training Projects\\Amazon Clone\\Amazon-Clone\\amazon-clone\\functions\\node_modules\\firebase-admin\\lib\\index.js"} {"metadata":{"emulator":{"name":"functions"},"function":{"name":"us-central1-api"},"extension":{},"message":"[runtime-status] [13528] Resolved module firebase-admin {\"declared\":true,\"installed\":true,\"version\":\"11.10.1\",\"resolution\":\"G:\\\\AhmEd MoStafa\\\\programming\\\\Training Projects\\\\Amazon Clone\\\\Amazon-Clone\\\\amazon-clone\\\\functions\\\\node_modules\\\\firebase-admin\\\\lib\\\\index.js\"}"}}
[debug] [2023-08-11T15:09:49.652Z] [runtime-status] [15468] Resolved module firebase-admin {"declared":true,"installed":true,"version":"11.10.1","resolution":"G:\\AhmEd MoStafa\\programming\\Training Projects\\Amazon Clone\\Amazon-Clone\\amazon-clone\\functions\\node_modules\\firebase-admin\\lib\\index.js"} {"metadata":{"emulator":{"name":"functions"},"function":{"name":"us-central1-api"},"extension":{},"message":"[runtime-status] [15468] Resolved module firebase-admin {\"declared\":true,\"installed\":true,\"version\":\"11.10.1\",\"resolution\":\"G:\\\\AhmEd MoStafa\\\\programming\\\\Training Projects\\\\Amazon Clone\\\\Amazon-Clone\\\\amazon-clone\\\\functions\\\\node_modules\\\\firebase-admin\\\\lib\\\\index.js\"}"}}
[debug] [2023-08-11T15:09:49.655Z] [runtime-status] [15468] Resolved module firebase-functions {"declared":true,"installed":true,"version":"4.4.1","resolution":"G:\\AhmEd MoStafa\\programming\\Training Projects\\Amazon Clone\\Amazon-Clone\\amazon-clone\\functions\\node_modules\\firebase-functions\\lib\\v1\\index.js"} {"metadata":{"emulator":{"name":"functions"},"function":{"name":"us-central1-api"},"extension":{},"message":"[runtime-status] [15468] Resolved module firebase-functions {\"declared\":true,\"installed\":true,\"version\":\"4.4.1\",\"resolution\":\"G:\\\\AhmEd MoStafa\\\\programming\\\\Training Projects\\\\Amazon Clone\\\\Amazon-Clone\\\\amazon-clone\\\\functions\\\\node_modules\\\\firebase-functions\\\\lib\\\\v1\\\\index.js\"}"}}
[debug] [2023-08-11T15:09:49.657Z] [runtime-status] [15468] Outgoing network have been stubbed. [{"name":"http","status":"mocked"},{"name":"http","status":"mocked"},{"name":"https","status":"mocked"},{"name":"https","status":"mocked"},{"name":"net","status":"mocked"}] {"metadata":{"emulator":{"name":"functions"},"function":{"name":"us-central1-api"},"extension":{},"message":"[runtime-status] [15468] Outgoing network have been stubbed. [{\"name\":\"http\",\"status\":\"mocked\"},{\"name\":\"http\",\"status\":\"mocked\"},{\"name\":\"https\",\"status\":\"mocked\"},{\"name\":\"https\",\"status\":\"mocked\"},{\"name\":\"net\",\"status\":\"mocked\"}]"}}
[debug] [2023-08-11T15:09:49.660Z] [runtime-status] [13528] Resolved module firebase-functions {"declared":true,"installed":true,"version":"4.4.1","resolution":"G:\\AhmEd MoStafa\\programming\\Training Projects\\Amazon Clone\\Amazon-Clone\\amazon-clone\\functions\\node_modules\\firebase-functions\\lib\\v1\\index.js"} {"metadata":{"emulator":{"name":"functions"},"function":{"name":"us-central1-api"},"extension":{},"message":"[runtime-status] [13528] Resolved module firebase-functions {\"declared\":true,\"installed\":true,\"version\":\"4.4.1\",\"resolution\":\"G:\\\\AhmEd MoStafa\\\\programming\\\\Training Projects\\\\Amazon Clone\\\\Amazon-Clone\\\\amazon-clone\\\\functions\\\\node_modules\\\\firebase-functions\\\\lib\\\\v1\\\\index.js\"}"}}
[debug] [2023-08-11T15:09:49.662Z] [runtime-status] [13528] Outgoing network have been stubbed. [{"name":"http","status":"mocked"},{"name":"http","status":"mocked"},{"name":"https","status":"mocked"},{"name":"https","status":"mocked"},{"name":"net","status":"mocked"}] {"metadata":{"emulator":{"name":"functions"},"function":{"name":"us-central1-api"},"extension":{},"message":"[runtime-status] [13528] Outgoing network have been stubbed. [{\"name\":\"http\",\"status\":\"mocked\"},{\"name\":\"http\",\"status\":\"mocked\"},{\"name\":\"https\",\"status\":\"mocked\"},{\"name\":\"https\",\"status\":\"mocked\"},{\"name\":\"net\",\"status\":\"mocked\"}]"}}
[debug] [2023-08-11T15:09:49.664Z] [runtime-status] [13528] Resolved module firebase-functions {"declared":true,"installed":true,"version":"4.4.1","resolution":"G:\\AhmEd MoStafa\\programming\\Training Projects\\Amazon Clone\\Amazon-Clone\\amazon-clone\\functions\\node_modules\\firebase-functions\\lib\\v1\\index.js"} {"metadata":{"emulator":{"name":"functions"},"function":{"name":"us-central1-api"},"extension":{},"message":"[runtime-status] [13528] Resolved module firebase-functions {\"declared\":true,\"installed\":true,\"version\":\"4.4.1\",\"resolution\":\"G:\\\\AhmEd MoStafa\\\\programming\\\\Training Projects\\\\Amazon Clone\\\\Amazon-Clone\\\\amazon-clone\\\\functions\\\\node_modules\\\\firebase-functions\\\\lib\\\\v1\\\\index.js\"}"}}
[debug] [2023-08-11T15:09:49.667Z] [runtime-status] [15468] Resolved module firebase-functions {"declared":true,"installed":true,"version":"4.4.1","resolution":"G:\\AhmEd MoStafa\\programming\\Training Projects\\Amazon Clone\\Amazon-Clone\\amazon-clone\\functions\\node_modules\\firebase-functions\\lib\\v1\\index.js"} {"metadata":{"emulator":{"name":"functions"},"function":{"name":"us-central1-api"},"extension":{},"message":"[runtime-status] [15468] Resolved module firebase-functions {\"declared\":true,\"installed\":true,\"version\":\"4.4.1\",\"resolution\":\"G:\\\\AhmEd MoStafa\\\\programming\\\\Training Projects\\\\Amazon Clone\\\\Amazon-Clone\\\\amazon-clone\\\\functions\\\\node_modules\\\\firebase-functions\\\\lib\\\\v1\\\\index.js\"}"}}
[debug] [2023-08-11T15:09:50.128Z] [runtime-status] [13528] Checked functions.config() {"config":{}} {"metadata":{"emulator":{"name":"functions"},"function":{"name":"us-central1-api"},"extension":{},"message":"[runtime-status] [13528] Checked functions.config() {\"config\":{}}"}}
[debug] [2023-08-11T15:09:50.131Z] [runtime-status] [13528] firebase-functions has been stubbed. {"functionsResolution":{"declared":true,"installed":true,"version":"4.4.1","resolution":"G:\\AhmEd MoStafa\\programming\\Training Projects\\Amazon Clone\\Amazon-Clone\\amazon-clone\\functions\\node_modules\\firebase-functions\\lib\\v1\\index.js"}} {"metadata":{"emulator":{"name":"functions"},"function":{"name":"us-central1-api"},"extension":{},"message":"[runtime-status] [13528] firebase-functions has been stubbed. {\"functionsResolution\":{\"declared\":true,\"installed\":true,\"version\":\"4.4.1\",\"resolution\":\"G:\\\\AhmEd MoStafa\\\\programming\\\\Training Projects\\\\Amazon Clone\\\\Amazon-Clone\\\\amazon-clone\\\\functions\\\\node_modules\\\\firebase-functions\\\\lib\\\\v1\\\\index.js\"}}"}}
[debug] [2023-08-11T15:09:50.134Z] [runtime-status] [13528] Resolved module firebase-functions {"declared":true,"installed":true,"version":"4.4.1","resolution":"G:\\AhmEd MoStafa\\programming\\Training Projects\\Amazon Clone\\Amazon-Clone\\amazon-clone\\functions\\node_modules\\firebase-functions\\lib\\v1\\index.js"} {"metadata":{"emulator":{"name":"functions"},"function":{"name":"us-central1-api"},"extension":{},"message":"[runtime-status] [13528] Resolved module firebase-functions {\"declared\":true,\"installed\":true,\"version\":\"4.4.1\",\"resolution\":\"G:\\\\AhmEd MoStafa\\\\programming\\\\Training Projects\\\\Amazon Clone\\\\Amazon-Clone\\\\amazon-clone\\\\functions\\\\node_modules\\\\firebase-functions\\\\lib\\\\v1\\\\index.js\"}"}}
[debug] [2023-08-11T15:09:50.135Z] [runtime-status] [15468] Checked functions.config() {"config":{}} {"metadata":{"emulator":{"name":"functions"},"function":{"name":"us-central1-api"},"extension":{},"message":"[runtime-status] [15468] Checked functions.config() {\"config\":{}}"}}
[debug] [2023-08-11T15:09:50.136Z] [runtime-status] [15468] firebase-functions has been stubbed. {"functionsResolution":{"declared":true,"installed":true,"version":"4.4.1","resolution":"G:\\AhmEd MoStafa\\programming\\Training Projects\\Amazon Clone\\Amazon-Clone\\amazon-clone\\functions\\node_modules\\firebase-functions\\lib\\v1\\index.js"}} {"metadata":{"emulator":{"name":"functions"},"function":{"name":"us-central1-api"},"extension":{},"message":"[runtime-status] [15468] firebase-functions has been stubbed. {\"functionsResolution\":{\"declared\":true,\"installed\":true,\"version\":\"4.4.1\",\"resolution\":\"G:\\\\AhmEd MoStafa\\\\programming\\\\Training Projects\\\\Amazon Clone\\\\Amazon-Clone\\\\amazon-clone\\\\functions\\\\node_modules\\\\firebase-functions\\\\lib\\\\v1\\\\index.js\"}}"}}
[debug] [2023-08-11T15:09:50.138Z] [runtime-status] [15468] Resolved module firebase-functions {"declared":true,"installed":true,"version":"4.4.1","resolution":"G:\\AhmEd MoStafa\\programming\\Training Projects\\Amazon Clone\\Amazon-Clone\\amazon-clone\\functions\\node_modules\\firebase-functions\\lib\\v1\\index.js"} {"metadata":{"emulator":{"name":"functions"},"function":{"name":"us-central1-api"},"extension":{},"message":"[runtime-status] [15468] Resolved module firebase-functions {\"declared\":true,\"installed\":true,\"version\":\"4.4.1\",\"resolution\":\"G:\\\\AhmEd MoStafa\\\\programming\\\\Training Projects\\\\Amazon Clone\\\\Amazon-Clone\\\\amazon-clone\\\\functions\\\\node_modules\\\\firebase-functions\\\\lib\\\\v1\\\\index.js\"}"}}
[debug] [2023-08-11T15:09:50.141Z] [runtime-status] [13528] Resolved module firebase-admin {"declared":true,"installed":true,"version":"11.10.1","resolution":"G:\\AhmEd MoStafa\\programming\\Training Projects\\Amazon Clone\\Amazon-Clone\\amazon-clone\\functions\\node_modules\\firebase-admin\\lib\\index.js"} {"metadata":{"emulator":{"name":"functions"},"function":{"name":"us-central1-api"},"extension":{},"message":"[runtime-status] [13528] Resolved module firebase-admin {\"declared\":true,\"installed\":true,\"version\":\"11.10.1\",\"resolution\":\"G:\\\\AhmEd MoStafa\\\\programming\\\\Training Projects\\\\Amazon Clone\\\\Amazon-Clone\\\\amazon-clone\\\\functions\\\\node_modules\\\\firebase-admin\\\\lib\\\\index.js\"}"}}
[debug] [2023-08-11T15:09:50.160Z] [runtime-status] [15468] Resolved module firebase-admin {"declared":true,"installed":true,"version":"11.10.1","resolution":"G:\\AhmEd MoStafa\\programming\\Training Projects\\Amazon Clone\\Amazon-Clone\\amazon-clone\\functions\\node_modules\\firebase-admin\\lib\\index.js"} {"metadata":{"emulator":{"name":"functions"},"function":{"name":"us-central1-api"},"extension":{},"message":"[runtime-status] [15468] Resolved module firebase-admin {\"declared\":true,\"installed\":true,\"version\":\"11.10.1\",\"resolution\":\"G:\\\\AhmEd MoStafa\\\\programming\\\\Training Projects\\\\Amazon Clone\\\\Amazon-Clone\\\\amazon-clone\\\\functions\\\\node_modules\\\\firebase-admin\\\\lib\\\\index.js\"}"}}
[debug] [2023-08-11T15:09:50.195Z] [runtime-status] [15468] Resolved module firebase-functions {"declared":true,"installed":true,"version":"4.4.1","resolution":"G:\\AhmEd MoStafa\\programming\\Training Projects\\Amazon Clone\\Amazon-Clone\\amazon-clone\\functions\\node_modules\\firebase-functions\\lib\\v1\\index.js"} {"metadata":{"emulator":{"name":"functions"},"function":{"name":"us-central1-api"},"extension":{},"message":"[runtime-status] [15468] Resolved module firebase-functions {\"declared\":true,\"installed\":true,\"version\":\"4.4.1\",\"resolution\":\"G:\\\\AhmEd MoStafa\\\\programming\\\\Training Projects\\\\Amazon Clone\\\\Amazon-Clone\\\\amazon-clone\\\\functions\\\\node_modules\\\\firebase-functions\\\\lib\\\\v1\\\\index.js\"}"}}
[debug] [2023-08-11T15:09:50.198Z] [runtime-status] [13528] Resolved module firebase-functions {"declared":true,"installed":true,"version":"4.4.1","resolution":"G:\\AhmEd MoStafa\\programming\\Training Projects\\Amazon Clone\\Amazon-Clone\\amazon-clone\\functions\\node_modules\\firebase-functions\\lib\\v1\\index.js"} {"metadata":{"emulator":{"name":"functions"},"function":{"name":"us-central1-api"},"extension":{},"message":"[runtime-status] [13528] Resolved module firebase-functions {\"declared\":true,\"installed\":true,\"version\":\"4.4.1\",\"resolution\":\"G:\\\\AhmEd MoStafa\\\\programming\\\\Training Projects\\\\Amazon Clone\\\\Amazon-Clone\\\\amazon-clone\\\\functions\\\\node_modules\\\\firebase-functions\\\\lib\\\\v1\\\\index.js\"}"}}
[debug] [2023-08-11T15:09:50.201Z] [runtime-status] [13528] firebase-admin has been stubbed. {"adminResolution":{"declared":true,"installed":true,"version":"11.10.1","resolution":"G:\\AhmEd MoStafa\\programming\\Training Projects\\Amazon Clone\\Amazon-Clone\\amazon-clone\\functions\\node_modules\\firebase-admin\\lib\\index.js"}} {"metadata":{"emulator":{"name":"functions"},"function":{"name":"us-central1-api"},"extension":{},"message":"[runtime-status] [13528] firebase-admin has been stubbed. {\"adminResolution\":{\"declared\":true,\"installed\":true,\"version\":\"11.10.1\",\"resolution\":\"G:\\\\AhmEd MoStafa\\\\programming\\\\Training Projects\\\\Amazon Clone\\\\Amazon-Clone\\\\amazon-clone\\\\functions\\\\node_modules\\\\firebase-admin\\\\lib\\\\index.js\"}}"}}
[debug] [2023-08-11T15:09:50.204Z] [runtime-status] [15468] firebase-admin has been stubbed. {"adminResolution":{"declared":true,"installed":true,"version":"11.10.1","resolution":"G:\\AhmEd MoStafa\\programming\\Training Projects\\Amazon Clone\\Amazon-Clone\\amazon-clone\\functions\\node_modules\\firebase-admin\\lib\\index.js"}} {"metadata":{"emulator":{"name":"functions"},"function":{"name":"us-central1-api"},"extension":{},"message":"[runtime-status] [15468] firebase-admin has been stubbed. {\"adminResolution\":{\"declared\":true,\"installed\":true,\"version\":\"11.10.1\",\"resolution\":\"G:\\\\AhmEd MoStafa\\\\programming\\\\Training Projects\\\\Amazon Clone\\\\Amazon-Clone\\\\amazon-clone\\\\functions\\\\node_modules\\\\firebase-admin\\\\lib\\\\index.js\"}}"}}
[debug] [2023-08-11T15:09:50.591Z] [runtime-status] [15468] Functions runtime initialized. {"cwd":"G:\\AhmEd MoStafa\\programming\\Training Projects\\Amazon Clone\\Amazon-Clone\\amazon-clone\\functions","node_version":"18.16.0"} {"metadata":{"emulator":{"name":"functions"},"function":{"name":"us-central1-api"},"extension":{},"message":"[runtime-status] [15468] Functions runtime initialized. {\"cwd\":\"G:\\\\AhmEd MoStafa\\\\programming\\\\Training Projects\\\\Amazon Clone\\\\Amazon-Clone\\\\amazon-clone\\\\functions\",\"node_version\":\"18.16.0\"}"}}
[debug] [2023-08-11T15:09:50.593Z] [runtime-status] [13528] Functions runtime initialized. {"cwd":"G:\\AhmEd MoStafa\\programming\\Training Projects\\Amazon Clone\\Amazon-Clone\\amazon-clone\\functions","node_version":"18.16.0"} {"metadata":{"emulator":{"name":"functions"},"function":{"name":"us-central1-api"},"extension":{},"message":"[runtime-status] [13528] Functions runtime initialized. {\"cwd\":\"G:\\\\AhmEd MoStafa\\\\programming\\\\Training Projects\\\\Amazon Clone\\\\Amazon-Clone\\\\amazon-clone\\\\functions\",\"node_version\":\"18.16.0\"}"}}
[debug] [2023-08-11T15:09:50.594Z] [runtime-status] [13528] Listening to port: \\?\pipe\fire_emu_0d39605061ff9d6f {"metadata":{"emulator":{"name":"functions"},"function":{"name":"us-central1-api"},"extension":{},"message":"[runtime-status] [13528] Listening to port: \\\\?\\pipe\\fire_emu_0d39605061ff9d6f"}}
[debug] [2023-08-11T15:09:50.595Z] [runtime-status] [15468] Listening to port: \\?\pipe\fire_emu_11716a50160a2d39 {"metadata":{"emulator":{"name":"functions"},"function":{"name":"us-central1-api"},"extension":{},"message":"[runtime-status] [15468] Listening to port: \\\\?\\pipe\\fire_emu_11716a50160a2d39"}}
[debug] [2023-08-11T15:09:50.634Z] [worker-us-central1-api-d478bf42-e107-44d7-948c-54dbe7ade1d0]: IDLE {"metadata":{"emulator":{"name":"functions"},"function":{"name":"us-central1-api"},"extension":{},"message":"[worker-us-central1-api-d478bf42-e107-44d7-948c-54dbe7ade1d0]: IDLE"}}
[debug] [2023-08-11T15:09:50.636Z] [worker-pool] submitRequest(triggerId=us-central1-api) {"metadata":{"emulator":{"name":"functions"},"message":"[worker-pool] submitRequest(triggerId=us-central1-api)"}}
[info] i  functions: Beginning execution of "us-central1-api" {"metadata":{"emulator":{"name":"functions"},"function":{"name":"us-central1-api"},"extension":{},"message":"Beginning execution of \"us-central1-api\""}}
[debug] [2023-08-11T15:09:50.640Z] [worker-us-central1-api-d478bf42-e107-44d7-948c-54dbe7ade1d0]: BUSY {"metadata":{"emulator":{"name":"functions"},"function":{"name":"us-central1-api"},"extension":{},"message":"[worker-us-central1-api-d478bf42-e107-44d7-948c-54dbe7ade1d0]: BUSY"}}
[debug] [2023-08-11T15:09:50.644Z] [worker-us-central1-api-fa220878-52f8-414d-b233-b1edf121254f]: IDLE {"metadata":{"emulator":{"name":"functions"},"function":{"name":"us-central1-api"},"extension":{},"message":"[worker-us-central1-api-fa220878-52f8-414d-b233-b1edf121254f]: IDLE"}}
[debug] [2023-08-11T15:09:50.645Z] [worker-pool] submitRequest(triggerId=us-central1-api) {"metadata":{"emulator":{"name":"functions"},"message":"[worker-pool] submitRequest(triggerId=us-central1-api)"}}
[info] i  functions: Beginning execution of "us-central1-api" {"metadata":{"emulator":{"name":"functions"},"function":{"name":"us-central1-api"},"extension":{},"message":"Beginning execution of \"us-central1-api\""}}
[debug] [2023-08-11T15:09:50.647Z] [worker-us-central1-api-fa220878-52f8-414d-b233-b1edf121254f]: BUSY {"metadata":{"emulator":{"name":"functions"},"function":{"name":"us-central1-api"},"extension":{},"message":"[worker-us-central1-api-fa220878-52f8-414d-b233-b1edf121254f]: BUSY"}}
[debug] [2023-08-11T15:09:52.129Z] Finishing up request with event=pause {"metadata":{"emulator":{"name":"functions"},"function":{"name":"us-central1-api"},"extension":{},"message":"Finishing up request with event=pause"}}
[info] i  functions: Finished "us-central1-api" in 1488.1414ms {"metadata":{"emulator":{"name":"functions"},"function":{"name":"us-central1-api"},"extension":{},"message":"Finished \"us-central1-api\" in 1488.1414ms"}}
[debug] [2023-08-11T15:09:52.136Z] [worker-us-central1-api-fa220878-52f8-414d-b233-b1edf121254f]: IDLE {"metadata":{"emulator":{"name":"functions"},"function":{"name":"us-central1-api"},"extension":{},"message":"[worker-us-central1-api-fa220878-52f8-414d-b233-b1edf121254f]: IDLE"}}
[debug] [2023-08-11T15:09:52.138Z] Finishing up request with event=finish {"metadata":{"emulator":{"name":"functions"},"function":{"name":"us-central1-api"},"extension":{},"message":"Finishing up request with event=finish"}}
[debug] [2023-08-11T15:09:52.140Z] Finishing up request with event=close {"metadata":{"emulator":{"name":"functions"},"function":{"name":"us-central1-api"},"extension":{},"message":"Finishing up request with event=close"}}
[debug] [2023-08-11T15:09:52.142Z] [work-queue] {"queuedWork":[],"queueLength":0,"runningWork":["/clone-88110/us-central1/api/payments/create-2023-08-11T15:09:46.544Z"],"workRunningCount":1}
[debug] [2023-08-11T15:09:52.146Z] Finishing up request with event=pause {"metadata":{"emulator":{"name":"functions"},"function":{"name":"us-central1-api"},"extension":{},"message":"Finishing up request with event=pause"}}
[info] i  functions: Finished "us-central1-api" in 1506.2302ms {"metadata":{"emulator":{"name":"functions"},"function":{"name":"us-central1-api"},"extension":{},"message":"Finished \"us-central1-api\" in 1506.2302ms"}}
[debug] [2023-08-11T15:09:52.148Z] [worker-us-central1-api-d478bf42-e107-44d7-948c-54dbe7ade1d0]: IDLE {"metadata":{"emulator":{"name":"functions"},"function":{"name":"us-central1-api"},"extension":{},"message":"[worker-us-central1-api-d478bf42-e107-44d7-948c-54dbe7ade1d0]: IDLE"}}
[debug] [2023-08-11T15:09:52.149Z] Finishing up request with event=finish {"metadata":{"emulator":{"name":"functions"},"function":{"name":"us-central1-api"},"extension":{},"message":"Finishing up request with event=finish"}}
[debug] [2023-08-11T15:09:52.150Z] Finishing up request with event=close {"metadata":{"emulator":{"name":"functions"},"function":{"name":"us-central1-api"},"extension":{},"message":"Finishing up request with event=close"}}
[debug] [2023-08-11T15:09:52.151Z] [work-queue] {"queuedWork":[],"queueLength":0,"runningWork":[],"workRunningCount":0}
[debug] [2023-08-11T15:11:41.627Z] [work-queue] {"queuedWork":["/clone-88110/us-central1/api/payments/create-2023-08-11T15:11:41.627Z"],"queueLength":1,"runningWork":[],"workRunningCount":0}
[debug] [2023-08-11T15:11:41.629Z] [work-queue] {"queuedWork":[],"queueLength":0,"runningWork":["/clone-88110/us-central1/api/payments/create-2023-08-11T15:11:41.627Z"],"workRunningCount":1}
[debug] [2023-08-11T15:11:41.630Z] Accepted request POST /clone-88110/us-central1/api/payments/create?total=68295 --> us-central1-api
[debug] [2023-08-11T15:11:41.635Z] [functions] Runtime ready! Sending request! {"metadata":{"emulator":{"name":"functions"},"message":"[functions] Runtime ready! Sending request!"}}
[debug] [2023-08-11T15:11:41.636Z] [functions] Got req.url=/clone-88110/us-central1/api/payments/create?total=68295, mapping to path=/payments/create?total=68295 {"metadata":{"emulator":{"name":"functions"},"message":"[functions] Got req.url=/clone-88110/us-central1/api/payments/create?total=68295, mapping to path=/payments/create?total=68295"}}
[debug] [2023-08-11T15:11:41.637Z] [worker-pool] submitRequest(triggerId=us-central1-api) {"metadata":{"emulator":{"name":"functions"},"message":"[worker-pool] submitRequest(triggerId=us-central1-api)"}}
[info] i  functions: Beginning execution of "us-central1-api" {"metadata":{"emulator":{"name":"functions"},"function":{"name":"us-central1-api"},"extension":{},"message":"Beginning execution of \"us-central1-api\""}}
[debug] [2023-08-11T15:11:41.640Z] [worker-us-central1-api-fa220878-52f8-414d-b233-b1edf121254f]: BUSY {"metadata":{"emulator":{"name":"functions"},"function":{"name":"us-central1-api"},"extension":{},"message":"[worker-us-central1-api-fa220878-52f8-414d-b233-b1edf121254f]: BUSY"}}
[debug] [2023-08-11T15:11:41.644Z] [work-queue] {"queuedWork":["/clone-88110/us-central1/api/payments/create-2023-08-11T15:11:41.644Z"],"queueLength":1,"runningWork":["/clone-88110/us-central1/api/payments/create-2023-08-11T15:11:41.627Z"],"workRunningCount":1}
[debug] [2023-08-11T15:11:41.646Z] [work-queue] {"queuedWork":[],"queueLength":0,"runningWork":["/clone-88110/us-central1/api/payments/create-2023-08-11T15:11:41.627Z","/clone-88110/us-central1/api/payments/create-2023-08-11T15:11:41.644Z"],"workRunningCount":2}
[debug] [2023-08-11T15:11:41.647Z] Accepted request POST /clone-88110/us-central1/api/payments/create?total=68295 --> us-central1-api
[debug] [2023-08-11T15:11:41.651Z] [functions] Runtime ready! Sending request! {"metadata":{"emulator":{"name":"functions"},"message":"[functions] Runtime ready! Sending request!"}}
[debug] [2023-08-11T15:11:41.652Z] [functions] Got req.url=/clone-88110/us-central1/api/payments/create?total=68295, mapping to path=/payments/create?total=68295 {"metadata":{"emulator":{"name":"functions"},"message":"[functions] Got req.url=/clone-88110/us-central1/api/payments/create?total=68295, mapping to path=/payments/create?total=68295"}}
[debug] [2023-08-11T15:11:41.653Z] [worker-pool] submitRequest(triggerId=us-central1-api) {"metadata":{"emulator":{"name":"functions"},"message":"[worker-pool] submitRequest(triggerId=us-central1-api)"}}
[info] i  functions: Beginning execution of "us-central1-api" {"metadata":{"emulator":{"name":"functions"},"function":{"name":"us-central1-api"},"extension":{},"message":"Beginning execution of \"us-central1-api\""}}
[debug] [2023-08-11T15:11:41.655Z] [worker-us-central1-api-d478bf42-e107-44d7-948c-54dbe7ade1d0]: BUSY {"metadata":{"emulator":{"name":"functions"},"function":{"name":"us-central1-api"},"extension":{},"message":"[worker-us-central1-api-d478bf42-e107-44d7-948c-54dbe7ade1d0]: BUSY"}}
[debug] [2023-08-11T15:11:42.698Z] Finishing up request with event=pause {"metadata":{"emulator":{"name":"functions"},"function":{"name":"us-central1-api"},"extension":{},"message":"Finishing up request with event=pause"}}
[info] i  functions: Finished "us-central1-api" in 1059.3033ms {"metadata":{"emulator":{"name":"functions"},"function":{"name":"us-central1-api"},"extension":{},"message":"Finished \"us-central1-api\" in 1059.3033ms"}}
[debug] [2023-08-11T15:11:42.700Z] [worker-us-central1-api-fa220878-52f8-414d-b233-b1edf121254f]: IDLE {"metadata":{"emulator":{"name":"functions"},"function":{"name":"us-central1-api"},"extension":{},"message":"[worker-us-central1-api-fa220878-52f8-414d-b233-b1edf121254f]: IDLE"}}
[debug] [2023-08-11T15:11:42.701Z] Finishing up request with event=finish {"metadata":{"emulator":{"name":"functions"},"function":{"name":"us-central1-api"},"extension":{},"message":"Finishing up request with event=finish"}}
[debug] [2023-08-11T15:11:42.702Z] Finishing up request with event=close {"metadata":{"emulator":{"name":"functions"},"function":{"name":"us-central1-api"},"extension":{},"message":"Finishing up request with event=close"}}
[debug] [2023-08-11T15:11:42.703Z] [work-queue] {"queuedWork":[],"queueLength":0,"runningWork":["/clone-88110/us-central1/api/payments/create-2023-08-11T15:11:41.644Z"],"workRunningCount":1}
[debug] [2023-08-11T15:11:42.705Z] Finishing up request with event=pause {"metadata":{"emulator":{"name":"functions"},"function":{"name":"us-central1-api"},"extension":{},"message":"Finishing up request with event=pause"}}
[info] i  functions: Finished "us-central1-api" in 1050.8117ms {"metadata":{"emulator":{"name":"functions"},"function":{"name":"us-central1-api"},"extension":{},"message":"Finished \"us-central1-api\" in 1050.8117ms"}}
[debug] [2023-08-11T15:11:42.707Z] [worker-us-central1-api-d478bf42-e107-44d7-948c-54dbe7ade1d0]: IDLE {"metadata":{"emulator":{"name":"functions"},"function":{"name":"us-central1-api"},"extension":{},"message":"[worker-us-central1-api-d478bf42-e107-44d7-948c-54dbe7ade1d0]: IDLE"}}
[debug] [2023-08-11T15:11:42.708Z] Finishing up request with event=finish {"metadata":{"emulator":{"name":"functions"},"function":{"name":"us-central1-api"},"extension":{},"message":"Finishing up request with event=finish"}}
[debug] [2023-08-11T15:11:42.709Z] Finishing up request with event=close {"metadata":{"emulator":{"name":"functions"},"function":{"name":"us-central1-api"},"extension":{},"message":"Finishing up request with event=close"}}
[debug] [2023-08-11T15:11:42.711Z] [work-queue] {"queuedWork":[],"queueLength":0,"runningWork":[],"workRunningCount":0}
